Arguments: 
  /home/brybtg/.asdf/installs/nodejs/18.4.0/bin/node /home/brybtg/.asdf/installs/yarn/1.22.19/bin/yarn.js add sass bootstrap bootstrap-icons @popperjs/core

PATH: 
  /home/brybtg/.asdf/plugins/nodejs/shims:/home/brybtg/.asdf/installs/nodejs/18.4.0/.npm/bin:/home/brybtg/.asdf/installs/nodejs/18.4.0/bin:/home/brybtg/.asdf/installs/yarn/1.22.19/bin:/home/brybtg/.asdf/installs/ruby/3.1.2/lib/ruby/gems/3.1.0/bin:/home/brybtg/.asdf/installs/ruby/3.1.2/bin:/home/brybtg/.asdf/shims:/home/brybtg/.asdf/bin:/usr/local/sbin:/usr/local/bin:/usr/sbin:/usr/bin:/sbin:/bin:/usr/games:/usr/local/games:/mnt/c/Windows/system32:/mnt/c/Windows:/mnt/c/Windows/System32/Wbem:/mnt/c/Windows/System32/WindowsPowerShell/v1.0/:/mnt/c/Windows/System32/OpenSSH/:/mnt/d/Program Files/Git/cmd:/mnt/d/Program Files/nodejs/:/mnt/c/Users/BryBTG/AppData/Local/Microsoft/WindowsApps:/mnt/d/Users/BryBTG/AppData/Local/Programs/Microsoft VS Code/bin:/mnt/c/Users/BryBTG/AppData/Roaming/npm:/mnt/c/Users/BryBTG/AppData/Local/GitHubDesktop/bin:/mnt/d/Program Files/heroku/bin:/snap/bin

Yarn version: 
  1.22.19

Node version: 
  18.4.0

Platform: 
  linux x64

Trace: 
  Error: getaddrinfo EAI_AGAIN registry.yarnpkg.com
      at GetAddrInfoReqWrap.onlookup [as oncomplete] (node:dns:84:26)

npm manifest: 
  {
    "name": "app",
    "private": "true"
  }

yarn manifest: 
  No manifest

Lockfile: 
  No lockfile
